<?xml version="1.0" encoding="UTF-8" standalone="no"?>
<project xmlns="http://maven.apache.org/POM/4.0.0" xmlns:xsi="http://www.w3.org/2001/XMLSchema-instance">
    <modelVersion>4.0.0</modelVersion>
    <groupId>org.example</groupId>
    <artifactId>test</artifactId>
    <version>0.1-SNAPSHOT</version>
    <packaging>pom</packaging>
    <name>Test POM</name>
    <description>
        lorem ipsum.
    </description>
    <dependencies>
        <dependency>
            <groupId>com.typesafe.akka</groupId>
            <artifactId>akka-actor</artifactId>
            <version>2.0</version>
        </dependency>
        <dependency>
            <groupId>com.typesafe.akka</groupId>
            <artifactId>akka-remote</artifactId>
            <version>2.0</version>
        </dependency>
        <dependency>
            <groupId>org.jppf</groupId>
            <artifactId>server</artifactId>
            <version>3.0.1</version>
        </dependency>
    </dependencies>
    
    <repositories>
        <repository>
            <id>typesafe</id>
            <name>Typesafe Repository</name>
            <url>http://repo.typesafe.com/typesafe/releases/</url>
        </repository>
        <repository>
            <id>public</id>
            <name>ifi Public Repositories</name>
            <url>https://maven.ifi.uzh.ch/maven2/content/groups/public/</url>
        </repository>
    </repositories>
</project>
